1587030785653	mozrunner::runner	INFO	Running command: "C:\\Program Files\\Mozilla Firefox\\firefox.exe" "-marionette" "-foreground" "-no-remote" "-profile" "C:\\Users\\Rob\\AppData\\Local\\Temp\\rust_mozprofile.UaPqEBKmwB5N"
1587030789032	addons.webextension.doh-rollout@mozilla.org	WARN	Loading extension 'doh-rollout@mozilla.org': Reading manifest: Invalid extension permission: networkStatus
1587030789210	addons.webextension.screenshots@mozilla.org	WARN	Loading extension 'screenshots@mozilla.org': Reading manifest: Invalid extension permission: mozillaAddons
1587030789210	addons.webextension.screenshots@mozilla.org	WARN	Loading extension 'screenshots@mozilla.org': Reading manifest: Invalid extension permission: telemetry
1587030789218	addons.webextension.screenshots@mozilla.org	WARN	Loading extension 'screenshots@mozilla.org': Reading manifest: Invalid extension permission: resource://pdf.js/
1587030789219	addons.webextension.screenshots@mozilla.org	WARN	Loading extension 'screenshots@mozilla.org': Reading manifest: Invalid extension permission: about:reader*
JavaScript error: resource://gre/modules/XULStore.jsm, line 66: Error: Can't find profile directory.
1587030792544	Marionette	INFO	Listening on port 51786
1587030793002	Marionette	WARN	TLS certificate errors will be ignored for this session
JavaScript error: https://groceries.asda.com/browse_app_assets/js/bundle.app.aafc119ede3a66ae3cdc.js, line 1: Error: t is undefined
JavaScript error: https://groceries.asda.com/browse_app_assets/js/bundle.app.aafc119ede3a66ae3cdc.js, line 1: Error: NetworkError when attempting to fetch resource.
JavaScript error: https://s.btstatic.com/lib/9b2f4bfa4f55049fc7510b4c61e9a7ce7f5cfae5.js?v=2, line 2: ReferenceError: $ is not defined
JavaScript error: resource://gre/actors/AutoCompleteChild.jsm, line 196: Error: Invalid autocomplete selectedIndex
JavaScript error: resource://gre/actors/AutoCompleteChild.jsm, line 196: Error: Invalid autocomplete selectedIndex
JavaScript error: resource://gre/modules/LoginManagerChild.jsm, line 179: NS_ERROR_XPC_JAVASCRIPT_ERROR_WITH_DETAILS: [JavaScript Error: "Invalid autocomplete selectedIndex" {file: "resource://gre/actors/AutoCompleteChild.jsm" line: 196}]'[JavaScript Error: "Invalid autocomplete selectedIndex" {file: "resource://gre/actors/AutoCompleteChild.jsm" line: 196}]' when calling method: [nsIAutoCompletePopup::selectedIndex]
1587030837846	Marionette	INFO	Stopped listening on port 51786

###!!! [Child][RunMessage] Error: Channel closing: too late to send/recv, messages will be lost


###!!! [Child][MessageChannel::SendAndWait] Error: Channel error: cannot send/recv

1587030848788	mozrunner::runner	INFO	Running command: "C:\\Program Files\\Mozilla Firefox\\firefox.exe" "-marionette" "-foreground" "-no-remote" "-profile" "C:\\Users\\Rob\\AppData\\Local\\Temp\\rust_mozprofile.1dH5GbpLhiM2"
1587030849322	addons.webextension.doh-rollout@mozilla.org	WARN	Loading extension 'doh-rollout@mozilla.org': Reading manifest: Invalid extension permission: networkStatus
1587030849484	addons.webextension.screenshots@mozilla.org	WARN	Loading extension 'screenshots@mozilla.org': Reading manifest: Invalid extension permission: mozillaAddons
1587030849484	addons.webextension.screenshots@mozilla.org	WARN	Loading extension 'screenshots@mozilla.org': Reading manifest: Invalid extension permission: telemetry
1587030849485	addons.webextension.screenshots@mozilla.org	WARN	Loading extension 'screenshots@mozilla.org': Reading manifest: Invalid extension permission: resource://pdf.js/
1587030849485	addons.webextension.screenshots@mozilla.org	WARN	Loading extension 'screenshots@mozilla.org': Reading manifest: Invalid extension permission: about:reader*
JavaScript error: resource://gre/modules/XULStore.jsm, line 66: Error: Can't find profile directory.
1587030852334	Marionette	INFO	Listening on port 51966
1587030852420	Marionette	WARN	TLS certificate errors will be ignored for this session
JavaScript error: https://groceries.asda.com/browse_app_assets/js/bundle.app.aafc119ede3a66ae3cdc.js, line 1: Error: t is undefined
SourceActor threw an exception: [Exception... "Component returned failure code: 0x80470002 (NS_BASE_STREAM_CLOSED) [nsIInputStream.available]"  nsresult: "0x80470002 (NS_BASE_STREAM_CLOSED)"  location: "JS frame :: resource://devtools/shared/DevToolsUtils.js :: onResponse :: line 579"  data: no]
Stack: onResponse@resource://devtools/shared/DevToolsUtils.js:579:34
onStopRequest@resource://gre/modules/NetUtil.jsm:128:18
Line: 579, column: 0
console.error: ({})
JavaScript error: resource://devtools/shared/DevToolsUtils.js, line 579: NS_BASE_STREAM_CLOSED: Component returned failure code: 0x80470002 (NS_BASE_STREAM_CLOSED) [nsIInputStream.available]
SourceActor threw an exception: [Exception... "Component returned failure code: 0x80470002 (NS_BASE_STREAM_CLOSED) [nsIInputStream.available]"  nsresult: "0x80470002 (NS_BASE_STREAM_CLOSED)"  location: "JS frame :: resource://devtools/shared/DevToolsUtils.js :: onResponse :: line 579"  data: no]
Stack: onResponse@resource://devtools/shared/DevToolsUtils.js:579:34
onStopRequest@resource://gre/modules/NetUtil.jsm:128:18
Line: 579, column: 0
console.error: ({})
JavaScript error: resource://devtools/shared/DevToolsUtils.js, line 579: NS_BASE_STREAM_CLOSED: Component returned failure code: 0x80470002 (NS_BASE_STREAM_CLOSED) [nsIInputStream.available]
console.error: (new TypeError("parent is null", "resource://devtools/client/inspector/shared/style-change-tracker.js", 83))
TypeError: parent is null: canMutationImpactCurrentStyles@resource://devtools/client/inspector/shared/style-change-tracker.js:83:24
onMutations@resource://devtools/client/inspector/shared/style-change-tracker.js:100:41
emit@resource://devtools/shared/event-emitter.js:190:24
emit@resource://devtools/shared/event-emitter.js:271:18
getMutations@resource://devtools/shared/fronts/walker.js:411:10

console.error: (new TypeError("container.node.targetFront is null", "resource://devtools/client/inspector/markup/markup.js", 2252))
console.error: "Error while calling actor 'pagestyle's method 'getLayout'" "node is null"
console.error: "getLayout@resource://devtools/server/actors/styles.js:944:5\nhandler@resource://devtools/shared/protocol/Actor.js:154:37\nonPacket@resource://devtools/server/debugger-server-connection.js:378:58\nreceiveMessage@resource://devtools/shared/transport/child-transport.js:66:16\n"
console.error: "Protocol error (unknownError): node is null"
JavaScript error: https://s.btstatic.com/lib/9b2f4bfa4f55049fc7510b4c61e9a7ce7f5cfae5.js?v=2, line 2: ReferenceError: $ is not defined
console.warn: LoginRecipes: "getRecipes: falling back to a synchronous message for:" "https://www.asda.com"
SourceActor threw an exception: [Exception... "Component returned failure code: 0x80470002 (NS_BASE_STREAM_CLOSED) [nsIInputStream.available]"  nsresult: "0x80470002 (NS_BASE_STREAM_CLOSED)"  location: "JS frame :: resource://devtools/shared/DevToolsUtils.js :: onResponse :: line 579"  data: no]
Stack: onResponse@resource://devtools/shared/DevToolsUtils.js:579:34
onStopRequest@resource://gre/modules/NetUtil.jsm:128:18
Line: 579, column: 0
console.error: ({})
JavaScript error: resource://devtools/shared/DevToolsUtils.js, line 579: NS_BASE_STREAM_CLOSED: Component returned failure code: 0x80470002 (NS_BASE_STREAM_CLOSED) [nsIInputStream.available]
console.warn: LoginRecipes: "getRecipes: falling back to a synchronous message for:" "https://www.asda.com"
console.warn: LoginRecipes: "getRecipes: falling back to a synchronous message for:" "https://www.asda.com"
console.warn: LoginRecipes: "getRecipes: falling back to a synchronous message for:" "https://www.asda.com"
1587031491918	Marionette	INFO	Stopped listening on port 51966

###!!! [Child][RunMessage] Error: Channel error: cannot send/recv


###!!! [Child][RunMessage] Error: Channel error: cannot send/recv


###!!! [Child][MessageChannel::SendAndWait] Error: Channel error: cannot send/recv

1587031496663	mozrunner::runner	INFO	Running command: "C:\\Program Files\\Mozilla Firefox\\firefox.exe" "-marionette" "-foreground" "-no-remote" "-profile" "C:\\Users\\Rob\\AppData\\Local\\Temp\\rust_mozprofile.whXr5MpAnVNJ"
1587031497192	addons.webextension.doh-rollout@mozilla.org	WARN	Loading extension 'doh-rollout@mozilla.org': Reading manifest: Invalid extension permission: networkStatus
1587031497354	addons.webextension.screenshots@mozilla.org	WARN	Loading extension 'screenshots@mozilla.org': Reading manifest: Invalid extension permission: mozillaAddons
1587031497354	addons.webextension.screenshots@mozilla.org	WARN	Loading extension 'screenshots@mozilla.org': Reading manifest: Invalid extension permission: telemetry
1587031497354	addons.webextension.screenshots@mozilla.org	WARN	Loading extension 'screenshots@mozilla.org': Reading manifest: Invalid extension permission: resource://pdf.js/
1587031497354	addons.webextension.screenshots@mozilla.org	WARN	Loading extension 'screenshots@mozilla.org': Reading manifest: Invalid extension permission: about:reader*
JavaScript error: resource://gre/modules/XULStore.jsm, line 66: Error: Can't find profile directory.
1587031500339	Marionette	INFO	Listening on port 52368
1587031500786	Marionette	WARN	TLS certificate errors will be ignored for this session
JavaScript error: https://groceries.asda.com/browse_app_assets/js/bundle.app.aafc119ede3a66ae3cdc.js, line 1: Error: t is undefined
JavaScript error: https://groceries.asda.com/browse_app_assets/js/bundle.app.aafc119ede3a66ae3cdc.js, line 1: Error: NetworkError when attempting to fetch resource.
JavaScript error: https://groceries.asda.com/browse_app_assets/js/bundle.app.aafc119ede3a66ae3cdc.js, line 1: Error: NetworkError when attempting to fetch resource.
SourceActor threw an exception: [Exception... "Component returned failure code: 0x80470002 (NS_BASE_STREAM_CLOSED) [nsIInputStream.available]"  nsresult: "0x80470002 (NS_BASE_STREAM_CLOSED)"  location: "JS frame :: resource://devtools/shared/DevToolsUtils.js :: onResponse :: line 579"  data: no]
Stack: onResponse@resource://devtools/shared/DevToolsUtils.js:579:34
onStopRequest@resource://gre/modules/NetUtil.jsm:128:18
Line: 579, column: 0
console.error: ({})
SourceActor threw an exception: [Exception... "Component returned failure code: 0x80470002 (NS_BASE_STREAM_CLOSED) [nsIInputStream.available]"  nsresult: "0x80470002 (NS_BASE_STREAM_CLOSED)"  location: "JS frame :: resource://devtools/shared/DevToolsUtils.js :: onResponse :: line 579"  data: no]
Stack: onResponse@resource://devtools/shared/DevToolsUtils.js:579:34
onStopRequest@resource://gre/modules/NetUtil.jsm:128:18
Line: 579, column: 0
console.error: ({})
JavaScript error: resource://devtools/shared/DevToolsUtils.js, line 579: NS_BASE_STREAM_CLOSED: Component returned failure code: 0x80470002 (NS_BASE_STREAM_CLOSED) [nsIInputStream.available]
JavaScript error: resource://devtools/shared/DevToolsUtils.js, line 579: NS_BASE_STREAM_CLOSED: Component returned failure code: 0x80470002 (NS_BASE_STREAM_CLOSED) [nsIInputStream.available]
1587031659344	Marionette	INFO	Stopped listening on port 52368

###!!! [Child][RunMessage] Error: Channel closing: too late to send/recv, messages will be lost


###!!! [Child][MessageChannel::SendAndWait] Error: Channel error: cannot send/recv

1587031810881	mozrunner::runner	INFO	Running command: "C:\\Program Files\\Mozilla Firefox\\firefox.exe" "-marionette" "-foreground" "-no-remote" "-profile" "C:\\Users\\Rob\\AppData\\Local\\Temp\\rust_mozprofile.LmGQkDfeij63"
1587031811393	addons.webextension.doh-rollout@mozilla.org	WARN	Loading extension 'doh-rollout@mozilla.org': Reading manifest: Invalid extension permission: networkStatus
1587031811562	addons.webextension.screenshots@mozilla.org	WARN	Loading extension 'screenshots@mozilla.org': Reading manifest: Invalid extension permission: mozillaAddons
1587031811562	addons.webextension.screenshots@mozilla.org	WARN	Loading extension 'screenshots@mozilla.org': Reading manifest: Invalid extension permission: telemetry
1587031811562	addons.webextension.screenshots@mozilla.org	WARN	Loading extension 'screenshots@mozilla.org': Reading manifest: Invalid extension permission: resource://pdf.js/
1587031811563	addons.webextension.screenshots@mozilla.org	WARN	Loading extension 'screenshots@mozilla.org': Reading manifest: Invalid extension permission: about:reader*
JavaScript error: resource://gre/modules/XULStore.jsm, line 66: Error: Can't find profile directory.
1587031814653	Marionette	INFO	Listening on port 52507
1587031815015	Marionette	WARN	TLS certificate errors will be ignored for this session
JavaScript error: https://groceries.asda.com/browse_app_assets/js/bundle.app.aafc119ede3a66ae3cdc.js, line 1: Error: t is undefined
JavaScript error: https://groceries.asda.com/browse_app_assets/js/bundle.app.aafc119ede3a66ae3cdc.js, line 1: Error: NetworkError when attempting to fetch resource.
JavaScript error: https://groceries.asda.com/browse_app_assets/js/bundle.app.aafc119ede3a66ae3cdc.js, line 1: Error: NetworkError when attempting to fetch resource.
IPDL protocol error: Handler returned error code!

###!!! [Parent][DispatchAsyncMessage] Error: PLayerTransaction::Msg_ReleaseLayer Processing error: message was deserialized, but the handler returned false (indicating failure)

1587031906234	Marionette	INFO	Stopped listening on port 52507

###!!! [Child][RunMessage] Error: Channel closing: too late to send/recv, messages will be lost


###!!! [Child][MessageChannel::SendAndWait] Error: Channel error: cannot send/recv

1587031911745	mozrunner::runner	INFO	Running command: "C:\\Program Files\\Mozilla Firefox\\firefox.exe" "-marionette" "-foreground" "-no-remote" "-profile" "C:\\Users\\Rob\\AppData\\Local\\Temp\\rust_mozprofile.Am0jDae927xY"
1587031912244	addons.webextension.doh-rollout@mozilla.org	WARN	Loading extension 'doh-rollout@mozilla.org': Reading manifest: Invalid extension permission: networkStatus
1587031912410	addons.webextension.screenshots@mozilla.org	WARN	Loading extension 'screenshots@mozilla.org': Reading manifest: Invalid extension permission: mozillaAddons
1587031912410	addons.webextension.screenshots@mozilla.org	WARN	Loading extension 'screenshots@mozilla.org': Reading manifest: Invalid extension permission: telemetry
1587031912410	addons.webextension.screenshots@mozilla.org	WARN	Loading extension 'screenshots@mozilla.org': Reading manifest: Invalid extension permission: resource://pdf.js/
1587031912411	addons.webextension.screenshots@mozilla.org	WARN	Loading extension 'screenshots@mozilla.org': Reading manifest: Invalid extension permission: about:reader*
JavaScript error: resource://gre/modules/XULStore.jsm, line 66: Error: Can't find profile directory.
1587031915232	Marionette	INFO	Listening on port 52633
1587031915391	Marionette	WARN	TLS certificate errors will be ignored for this session
JavaScript error: https://groceries.asda.com/browse_app_assets/js/bundle.app.aafc119ede3a66ae3cdc.js, line 1: Error: t is undefined
JavaScript error: https://groceries.asda.com/browse_app_assets/js/bundle.app.aafc119ede3a66ae3cdc.js, line 1: Error: NetworkError when attempting to fetch resource.
JavaScript error: https://groceries.asda.com/browse_app_assets/js/bundle.app.aafc119ede3a66ae3cdc.js, line 1: Error: NetworkError when attempting to fetch resource.
JavaScript error: https://groceries.asda.com/browse_app_assets/js/bundle.app.aafc119ede3a66ae3cdc.js, line 1: Error: NetworkError when attempting to fetch resource.
JavaScript error: https://groceries.asda.com/browse_app_assets/js/bundle.app.aafc119ede3a66ae3cdc.js, line 1: Error: NetworkError when attempting to fetch resource.
JavaScript error: https://groceries.asda.com/browse_app_assets/js/bundle.app.aafc119ede3a66ae3cdc.js, line 1: Error: NetworkError when attempting to fetch resource.
JavaScript error: https://groceries.asda.com/browse_app_assets/js/bundle.app.aafc119ede3a66ae3cdc.js, line 1: Error: NetworkError when attempting to fetch resource.
JavaScript error: , line 0: uncaught exception: Object
JavaScript error: https://groceries.asda.com/browse_app_assets/js/bundle.app.aafc119ede3a66ae3cdc.js, line 1: Error: The operation was aborted. 
JavaScript error: https://groceries.asda.com/browse_app_assets/js/bundle.app.aafc119ede3a66ae3cdc.js, line 1: Error: The operation was aborted. 
JavaScript error: https://s.btstatic.com/lib/9b2f4bfa4f55049fc7510b4c61e9a7ce7f5cfae5.js?v=2, line 2: ReferenceError: $ is not defined
1587032167790	Marionette	INFO	Stopped listening on port 52633

###!!! [Child][MessageChannel::SendAndWait] Error: Channel error: cannot send/recv

1587032223826	mozrunner::runner	INFO	Running command: "C:\\Program Files\\Mozilla Firefox\\firefox.exe" "-marionette" "-foreground" "-no-remote" "-profile" "C:\\Users\\Rob\\AppData\\Local\\Temp\\rust_mozprofile.nzIPvAlJFwXE"
1587032224335	addons.webextension.doh-rollout@mozilla.org	WARN	Loading extension 'doh-rollout@mozilla.org': Reading manifest: Invalid extension permission: networkStatus
1587032224496	addons.webextension.screenshots@mozilla.org	WARN	Loading extension 'screenshots@mozilla.org': Reading manifest: Invalid extension permission: mozillaAddons
1587032224496	addons.webextension.screenshots@mozilla.org	WARN	Loading extension 'screenshots@mozilla.org': Reading manifest: Invalid extension permission: telemetry
1587032224496	addons.webextension.screenshots@mozilla.org	WARN	Loading extension 'screenshots@mozilla.org': Reading manifest: Invalid extension permission: resource://pdf.js/
1587032224497	addons.webextension.screenshots@mozilla.org	WARN	Loading extension 'screenshots@mozilla.org': Reading manifest: Invalid extension permission: about:reader*
JavaScript error: resource://gre/modules/XULStore.jsm, line 66: Error: Can't find profile directory.
1587032227534	Marionette	INFO	Listening on port 52812
1587032227964	Marionette	WARN	TLS certificate errors will be ignored for this session
JavaScript error: https://groceries.asda.com/browse_app_assets/js/bundle.app.aafc119ede3a66ae3cdc.js, line 1: Error: t is undefined
JavaScript error: https://groceries.asda.com/browse_app_assets/js/bundle.app.aafc119ede3a66ae3cdc.js, line 1: Error: NetworkError when attempting to fetch resource.
JavaScript error: https://groceries.asda.com/browse_app_assets/js/bundle.app.aafc119ede3a66ae3cdc.js, line 1: Error: Loading CSS chunk 22 failed.
(/browse_app_assets/css/styles.home.95199808fdf2af620524.css)
JavaScript error: https://groceries.asda.com/browse_app_assets/js/bundle.app.aafc119ede3a66ae3cdc.js, line 1: Error: NetworkError when attempting to fetch resource.
JavaScript error: https://groceries.asda.com/browse_app_assets/js/bundle.app.aafc119ede3a66ae3cdc.js, line 1: Error: NetworkError when attempting to fetch resource.
JavaScript error: https://groceries.asda.com/browse_app_assets/js/bundle.app.aafc119ede3a66ae3cdc.js, line 1: Error: NetworkError when attempting to fetch resource.
JavaScript error: https://groceries.asda.com/browse_app_assets/js/bundle.app.aafc119ede3a66ae3cdc.js, line 1: Error: NetworkError when attempting to fetch resource.
JavaScript error: , line 0: uncaught exception: Object
JavaScript error: https://s.btstatic.com/lib/9b2f4bfa4f55049fc7510b4c61e9a7ce7f5cfae5.js?v=2, line 2: ReferenceError: $ is not defined

###!!! [Child][RunMessage] Error: Channel closing: too late to send/recv, messages will be lost

1587032245706	Marionette	INFO	Stopped listening on port 52812

###!!! [Child][RunMessage] Error: Channel closing: too late to send/recv, messages will be lost


###!!! [Child][MessageChannel::SendAndWait] Error: Channel error: cannot send/recv

1587032277916	mozrunner::runner	INFO	Running command: "C:\\Program Files\\Mozilla Firefox\\firefox.exe" "-marionette" "-foreground" "-no-remote" "-profile" "C:\\Users\\Rob\\AppData\\Local\\Temp\\rust_mozprofile.Z02WlywfG6ul"
1587032278425	addons.webextension.doh-rollout@mozilla.org	WARN	Loading extension 'doh-rollout@mozilla.org': Reading manifest: Invalid extension permission: networkStatus
1587032278587	addons.webextension.screenshots@mozilla.org	WARN	Loading extension 'screenshots@mozilla.org': Reading manifest: Invalid extension permission: mozillaAddons
1587032278587	addons.webextension.screenshots@mozilla.org	WARN	Loading extension 'screenshots@mozilla.org': Reading manifest: Invalid extension permission: telemetry
1587032278587	addons.webextension.screenshots@mozilla.org	WARN	Loading extension 'screenshots@mozilla.org': Reading manifest: Invalid extension permission: resource://pdf.js/
1587032278587	addons.webextension.screenshots@mozilla.org	WARN	Loading extension 'screenshots@mozilla.org': Reading manifest: Invalid extension permission: about:reader*
JavaScript error: resource://gre/modules/XULStore.jsm, line 66: Error: Can't find profile directory.
1587032281527	Marionette	INFO	Listening on port 52935
1587032281590	Marionette	WARN	TLS certificate errors will be ignored for this session
JavaScript error: https://groceries.asda.com/browse_app_assets/js/bundle.app.aafc119ede3a66ae3cdc.js, line 1: Error: t is undefined
JavaScript error: https://groceries.asda.com/browse_app_assets/js/bundle.runtime.209f12807762e755415c.js, line 1: Error: Loading CSS chunk 22 failed.
(/browse_app_assets/css/styles.home.95199808fdf2af620524.css)
JavaScript error: https://groceries.asda.com/browse_app_assets/js/bundle.app.aafc119ede3a66ae3cdc.js, line 1: Error: NetworkError when attempting to fetch resource.
JavaScript error: https://groceries.asda.com/browse_app_assets/js/bundle.app.aafc119ede3a66ae3cdc.js, line 1: Error: NetworkError when attempting to fetch resource.
JavaScript error: https://groceries.asda.com/browse_app_assets/js/bundle.app.aafc119ede3a66ae3cdc.js, line 1: Error: NetworkError when attempting to fetch resource.
JavaScript error: https://groceries.asda.com/browse_app_assets/js/bundle.app.aafc119ede3a66ae3cdc.js, line 1: Error: NetworkError when attempting to fetch resource.
JavaScript error: , line 0: uncaught exception: Object
JavaScript error: https://groceries.asda.com/browse_app_assets/js/bundle.app.aafc119ede3a66ae3cdc.js, line 1: Error: The operation was aborted. 
JavaScript error: https://groceries.asda.com/browse_app_assets/js/bundle.app.aafc119ede3a66ae3cdc.js, line 1: Error: The operation was aborted. 
JavaScript error: https://groceries.asda.com/browse_app_assets/js/bundle.app.aafc119ede3a66ae3cdc.js, line 1: Error: The operation was aborted. 
JavaScript error: https://s.btstatic.com/lib/9b2f4bfa4f55049fc7510b4c61e9a7ce7f5cfae5.js?v=2, line 2: ReferenceError: $ is not defined
SourceActor threw an exception: [Exception... "Component returned failure code: 0x80470002 (NS_BASE_STREAM_CLOSED) [nsIInputStream.available]"  nsresult: "0x80470002 (NS_BASE_STREAM_CLOSED)"  location: "JS frame :: resource://devtools/shared/DevToolsUtils.js :: onResponse :: line 579"  data: no]
Stack: onResponse@resource://devtools/shared/DevToolsUtils.js:579:34
onStopRequest@resource://gre/modules/NetUtil.jsm:128:18
Line: 579, column: 0
console.error: ({})
JavaScript error: resource://devtools/shared/DevToolsUtils.js, line 579: NS_BASE_STREAM_CLOSED: Component returned failure code: 0x80470002 (NS_BASE_STREAM_CLOSED) [nsIInputStream.available]
JavaScript error: resource://gre/actors/PictureInPictureChild.jsm, line 329: TypeError: this.contentWindow.windowRoot is null
1587032422102	Marionette	INFO	Stopped listening on port 52935

###!!! [Child][RunMessage] Error: Channel closing: too late to send/recv, messages will be lost


###!!! [Child][MessageChannel::SendAndWait] Error: Channel error: cannot send/recv

1587032433388	mozrunner::runner	INFO	Running command: "C:\\Program Files\\Mozilla Firefox\\firefox.exe" "-marionette" "-foreground" "-no-remote" "-profile" "C:\\Users\\Rob\\AppData\\Local\\Temp\\rust_mozprofile.w7NuU6d0R4l4"
1587032433940	addons.webextension.doh-rollout@mozilla.org	WARN	Loading extension 'doh-rollout@mozilla.org': Reading manifest: Invalid extension permission: networkStatus
1587032434101	addons.webextension.screenshots@mozilla.org	WARN	Loading extension 'screenshots@mozilla.org': Reading manifest: Invalid extension permission: mozillaAddons
1587032434101	addons.webextension.screenshots@mozilla.org	WARN	Loading extension 'screenshots@mozilla.org': Reading manifest: Invalid extension permission: telemetry
1587032434102	addons.webextension.screenshots@mozilla.org	WARN	Loading extension 'screenshots@mozilla.org': Reading manifest: Invalid extension permission: resource://pdf.js/
1587032434102	addons.webextension.screenshots@mozilla.org	WARN	Loading extension 'screenshots@mozilla.org': Reading manifest: Invalid extension permission: about:reader*
JavaScript error: resource://gre/modules/XULStore.jsm, line 66: Error: Can't find profile directory.
1587032437011	Marionette	INFO	Listening on port 53106
1587032437019	Marionette	WARN	TLS certificate errors will be ignored for this session
JavaScript error: https://groceries.asda.com/browse_app_assets/js/bundle.app.aafc119ede3a66ae3cdc.js, line 1: Error: t is undefined
JavaScript error: https://groceries.asda.com/browse_app_assets/js/bundle.runtime.209f12807762e755415c.js, line 1: Error: 
JavaScript error: https://groceries.asda.com/browse_app_assets/js/bundle.app.aafc119ede3a66ae3cdc.js, line 1: Error: NetworkError when attempting to fetch resource.
JavaScript error: https://groceries.asda.com/browse_app_assets/js/bundle.app.aafc119ede3a66ae3cdc.js, line 1: Error: NetworkError when attempting to fetch resource.
JavaScript error: https://groceries.asda.com/browse_app_assets/js/bundle.app.aafc119ede3a66ae3cdc.js, line 1: Error: NetworkError when attempting to fetch resource.
JavaScript error: https://groceries.asda.com/browse_app_assets/js/bundle.app.aafc119ede3a66ae3cdc.js, line 1: Error: NetworkError when attempting to fetch resource.
JavaScript error: , line 0: uncaught exception: Object
JavaScript error: https://groceries.asda.com/browse_app_assets/js/bundle.app.aafc119ede3a66ae3cdc.js, line 1: Error: The operation was aborted. 
JavaScript error: https://s.btstatic.com/lib/9b2f4bfa4f55049fc7510b4c61e9a7ce7f5cfae5.js?v=2, line 2: ReferenceError: $ is not defined
JavaScript warning: https://secure7.arcot.com/acspage/Riskfort/devicedna/riskminder-client.js, line 90: unreachable code after return statement
JavaScript warning: https://secure7.arcot.com/acspage/Riskfort/devicedna/riskminder-client.js, line 100: unreachable code after return statement
JavaScript warning: https://secure7.arcot.com/acspage/Riskfort/devicedna/riskminder-client.js, line 167: unreachable code after return statement
JavaScript error: , line 0: TypeError: NetworkError when attempting to fetch resource.
1587033022066	Marionette	INFO	Stopped listening on port 53106

###!!! [Child][RunMessage] Error: Channel closing: too late to send/recv, messages will be lost


###!!! [Child][MessageChannel::SendAndWait] Error: Channel error: cannot send/recv

